<?xml version="1.0" encoding="UTF-8"?>
<!-- Generated by org.testng.reporters.JUnitXMLReporter -->
<testsuite hostname="SuneelReddy-PC" name="Default test" tests="5" failures="0" timestamp="28 Dec 2017 04:39:43 GMT" time="32.741" errors="0">
  <testcase name="connectToConfig" time="0.02" classname="testcase.ReadDataUsingAnnotations"/>
  <testcase name="runBrowser" time="3.275" classname="testcase.ReadDataUsingAnnotations"/>
  <testcase name="getURL" time="8.842" classname="testcase.ReadDataUsingAnnotations"/>
  <testcase name="getLoginCredentials" time="5.263" classname="testcase.ReadDataUsingAnnotations"/>
  <testcase name="addingFunctionality" time="12.283" classname="testcase.ReadDataUsingAnnotations"/>
</testsuite> <!-- Default test -->
